
Attaching package: ‘dplyr’

The following object is masked from ‘package:MASS’:

    select

The following objects are masked from ‘package:stats’:

    filter, lag

The following objects are masked from ‘package:base’:

    intersect, setdiff, setequal, union

Error in file(filename, "r", encoding = encoding) : 
  cannot open the connection
Calls: source -> file
In addition: Warning message:
In file(filename, "r", encoding = encoding) :
  cannot open file '/structural_colours/R/get_MGYS00000991.R': No such file or directory
Execution halted

Attaching package: ‘dplyr’

The following object is masked from ‘package:MASS’:

    select

The following objects are masked from ‘package:stats’:

    filter, lag

The following objects are masked from ‘package:base’:

    intersect, setdiff, setequal, union

[1] "Output directory /data/tara_output detected."
Started analysis of ERR315858_1.fastq.gz
Approx 5% complete for ERR315858_1.fastq.gz
Approx 10% complete for ERR315858_1.fastq.gz
